This is pdfTeX, Version 3.14159265-2.6-1.40.21 (MiKTeX 20.10) (preloaded format=pdflatex 2020.10.22)  19 MAR 2023 00:22
entering extended mode
**"D:/Users/Davide Barbarossa/HomeDavide/MesPapiers/ConPaolo/Maslov.tex"
("D:/Users/Davide Barbarossa/HomeDavide/MesPapiers/ConPaolo/Maslov.tex"
LaTeX2e <2020-10-01> patch level 1
L3 programming layer <2020-10-05> xparse <2020-03-03>
! TeX capacity exceeded, sorry [parameter stack size=10000].
\@onefilewithoptions #1[#2][#3]#4->
                                   \pkgcls@debug {--- File loaded request (\...
l.3 \usepackage{
                breakurl}             % Not needed if you use pdflatex only.
If you really absolutely need more capacity,
you can ask a wizard to enlarge me.

 
Here is how much of TeX's memory you used:
 19 strings out of 480236
 570 string characters out of 2882843
 292182 words of memory out of 3000000
 16674 multiletter control sequences out of 15000+200000
 535088 words of font info for 29 fonts, out of 3000000 for 9000
 1141 hyphenation exceptions out of 8191
 4288i,0n,10003p,151b,10s stack positions out of 5000i,500n,10000p,200000b,50000s
!  ==> Fatal error occurred, no output PDF file produced!
